[0m21:36:31.342157 [debug] [MainThread]: Sending event: {'category': 'dbt', 'action': 'invocation', 'label': 'start', 'context': [<snowplow_tracker.self_describing_json.SelfDescribingJson object at 0x00000245F9F6C1A0>, <snowplow_tracker.self_describing_json.SelfDescribingJson object at 0x00000245FA66A840>, <snowplow_tracker.self_describing_json.SelfDescribingJson object at 0x00000245FCD5C740>]}


============================== 21:36:31.374524 | 3aead5d8-e08d-4395-8da7-c4f5b2fd3b0e ==============================
[0m21:36:31.374524 [info ] [MainThread]: Running with dbt=1.11.11
[0m21:36:31.374524 [debug] [MainThread]: running dbt with arguments {'static_parser': 'True', 'no_print': 'None', 'version_check': 'True', 'warn_error_options': 'WarnErrorOptionsV2(error=[], warn=[], silence=[])', 'target_path': 'None', 'printer_width': '80', 'write_json': 'True', 'introspect': 'True', 'log_cache_events': 'False', 'empty': 'None', 'cache_selected_only': 'False', 'log_format': 'default', 'debug': 'False', 'fail_fast': 'False', 'partial_parse': 'True', 'send_anonymous_usage_stats': 'True', 'quiet': 'False', 'warn_error': 'None', 'profiles_dir': 'C:\\Users\\manmukho\\.dbt', 'indirect_selection': 'eager', 'use_colors': 'True', 'invocation_command': 'dbt init', 'use_experimental_parser': 'False', 'log_path': 'logs'}
[0m21:44:33.716196 [debug] [MainThread]: Starter project path: C:\Users\manmukho\AppData\Local\pypoetry\Cache\virtualenvs\movielensdbt-hmX-PTNQ-py3.12\Lib\site-packages\dbt\include\starter_project
[0m21:44:33.747681 [info ] [MainThread]: 
Your new dbt project "movielensDBTproject" was created!

For more information on how to configure the profiles.yml file,
please consult the dbt documentation here:

  https://docs.getdbt.com/docs/configure-your-profile

One more thing:

Need help? Don't hesitate to reach out to us via GitHub issues or on Slack:

  https://community.getdbt.com/

Happy modeling!

[0m21:44:33.748717 [info ] [MainThread]: Setting up your profile.
[0m21:45:15.810960 [debug] [MainThread]: Spark adapter: Setting pyhive.hive logging to ERROR
[0m21:45:15.811957 [debug] [MainThread]: Spark adapter: Setting thrift.transport logging to ERROR
[0m21:45:15.812957 [debug] [MainThread]: Spark adapter: Setting thrift.protocol logging to ERROR
[0m22:03:54.995793 [info ] [MainThread]: Profile movielensDBTproject written to C:\Users\manmukho\.dbt\profiles.yml using target's profile_template.yml and your supplied values. Run 'dbt debug' to validate the connection.
[0m22:03:54.998634 [debug] [MainThread]: Command `dbt init` succeeded at 22:03:54.998634 after 1643.85 seconds
[0m22:03:55.000329 [debug] [MainThread]: Sending event: {'category': 'dbt', 'action': 'invocation', 'label': 'end', 'context': [<snowplow_tracker.self_describing_json.SelfDescribingJson object at 0x00000245FE6D7A40>, <snowplow_tracker.self_describing_json.SelfDescribingJson object at 0x0000024599D9B230>, <snowplow_tracker.self_describing_json.SelfDescribingJson object at 0x00000245997DC770>]}
[0m22:03:55.000329 [debug] [MainThread]: Flushing usage events
[0m22:03:57.503247 [debug] [MainThread]: An error was encountered while trying to flush usage events
[0m22:04:12.199775 [debug] [MainThread]: Sending event: {'category': 'dbt', 'action': 'invocation', 'label': 'start', 'context': [<snowplow_tracker.self_describing_json.SelfDescribingJson object at 0x00000156E0CDC920>, <snowplow_tracker.self_describing_json.SelfDescribingJson object at 0x00000156E0A8A8A0>, <snowplow_tracker.self_describing_json.SelfDescribingJson object at 0x00000156E0A89B50>]}


============================== 22:04:12.215441 | f7fd5c58-0689-4a1d-a777-f06c281b1c1c ==============================
[0m22:04:12.215441 [info ] [MainThread]: Running with dbt=1.11.11
[0m22:04:12.215441 [debug] [MainThread]: running dbt with arguments {'version_check': 'True', 'no_print': 'None', 'static_parser': 'True', 'target_path': 'None', 'warn_error_options': 'WarnErrorOptionsV2(error=[], warn=[], silence=[])', 'printer_width': '80', 'write_json': 'True', 'introspect': 'True', 'log_cache_events': 'False', 'empty': 'None', 'cache_selected_only': 'False', 'fail_fast': 'False', 'debug': 'False', 'log_format': 'default', 'profiles_dir': 'C:\\Users\\manmukho\\.dbt', 'send_anonymous_usage_stats': 'True', 'quiet': 'False', 'warn_error': 'None', 'partial_parse': 'True', 'invocation_command': 'dbt debug', 'indirect_selection': 'eager', 'use_colors': 'True', 'use_experimental_parser': 'False', 'log_path': 'logs'}
[0m22:04:12.251288 [info ] [MainThread]: dbt version: 1.11.11
[0m22:04:12.251288 [info ] [MainThread]: python version: 3.12.1
[0m22:04:12.251288 [info ] [MainThread]: python path: C:\Users\manmukho\AppData\Local\pypoetry\Cache\virtualenvs\movielensdbt-hmX-PTNQ-py3.12\Scripts\python.exe
[0m22:04:12.251288 [info ] [MainThread]: os info: Windows-11-10.0.22631-SP0
[0m22:04:13.083857 [debug] [MainThread]: Spark adapter: Setting pyhive.hive logging to ERROR
[0m22:04:13.083857 [debug] [MainThread]: Spark adapter: Setting thrift.transport logging to ERROR
[0m22:04:13.083857 [debug] [MainThread]: Spark adapter: Setting thrift.protocol logging to ERROR
[0m22:04:13.916336 [info ] [MainThread]: Using profiles dir at C:\Users\manmukho\.dbt
[0m22:04:13.916336 [info ] [MainThread]: Using profiles.yml file at C:\Users\manmukho\.dbt\profiles.yml
[0m22:04:13.916336 [info ] [MainThread]: Using dbt_project.yml file at C:\Users\manmukho\OneDrive - Publicis Groupe\Desktop\Training\DBT project\movielens\dbt_project.yml
[0m22:04:13.916336 [info ] [MainThread]: adapter type: databricks
[0m22:04:13.916336 [info ] [MainThread]: adapter version: 1.12.1
[0m22:04:13.916336 [info ] [MainThread]: Configuration:
[0m22:04:13.916336 [info ] [MainThread]:   profiles.yml file [[32mOK found and valid[0m]
[0m22:04:13.916336 [info ] [MainThread]:   dbt_project.yml file [[31mERROR not found[0m]
[0m22:04:13.916336 [info ] [MainThread]: Required dependencies:
[0m22:04:13.916336 [debug] [MainThread]: Executing "git --help"
[0m22:04:14.050464 [debug] [MainThread]: STDOUT: "b"usage: git [-v | --version] [-h | --help] [-C <path>] [-c <name>=<value>]\n           [--exec-path[=<path>]] [--html-path] [--man-path] [--info-path]\n           [-p | --paginate | -P | --no-pager] [--no-replace-objects] [--no-lazy-fetch]\n           [--no-optional-locks] [--no-advice] [--bare] [--git-dir=<path>]\n           [--work-tree=<path>] [--namespace=<name>] [--config-env=<name>=<envvar>]\n           <command> [<args>]\n\nThese are common Git commands used in various situations:\n\nstart a working area (see also: git help tutorial)\n   clone      Clone a repository into a new directory\n   init       Create an empty Git repository or reinitialize an existing one\n\nwork on the current change (see also: git help everyday)\n   add        Add file contents to the index\n   mv         Move or rename a file, a directory, or a symlink\n   restore    Restore working tree files\n   rm         Remove files from the working tree and from the index\n\nexamine the history and state (see also: git help revisions)\n   bisect     Use binary search to find the commit that introduced a bug\n   diff       Show changes between commits, commit and working tree, etc\n   grep       Print lines matching a pattern\n   log        Show commit logs\n   show       Show various types of objects\n   status     Show the working tree status\n\ngrow, mark and tweak your common history\n   backfill   Download missing objects in a partial clone\n   branch     List, create, or delete branches\n   commit     Record changes to the repository\n   merge      Join two or more development histories together\n   rebase     Reapply commits on top of another base tip\n   reset      Reset current HEAD to the specified state\n   switch     Switch branches\n   tag        Create, list, delete or verify a tag object signed with GPG\n\ncollaborate (see also: git help workflows)\n   fetch      Download objects and refs from another repository\n   pull       Fetch from and integrate with another repository or a local branch\n   push       Update remote refs along with associated objects\n\n'git help -a' and 'git help -g' list available subcommands and some\nconcept guides. See 'git help <command>' or 'git help <concept>'\nto read about a specific subcommand or concept.\nSee 'git help git' for an overview of the system.\n""
[0m22:04:14.050464 [debug] [MainThread]: STDERR: "b''"
[0m22:04:14.050464 [info ] [MainThread]:  - git [[32mOK found[0m]

[0m22:04:14.065034 [info ] [MainThread]: Connection:
[0m22:04:14.065034 [info ] [MainThread]:   host: dbc-0bf77618-a297.cloud.databricks.com
[0m22:04:14.065034 [info ] [MainThread]:   http_path: /sql/1.0/warehouses/01bcd99db3b57622
[0m22:04:14.065034 [info ] [MainThread]:   catalog: dbt_project
[0m22:04:14.065034 [info ] [MainThread]:   schema: dbtmodeling_movie_data
[0m22:04:14.065034 [info ] [MainThread]: Registered adapter: databricks=1.12.1
[0m22:04:14.504018 [debug] [MainThread]: Databricks adapter: DatabricksDBTConnection(session-id=None, name=debug) - Creating connection
[0m22:04:14.504018 [debug] [MainThread]: Acquiring new databricks connection 'debug'
[0m22:04:15.991354 [info ] [MainThread]: Databricks adapter:   SPOG host (host_type='workspace'): no
[0m22:04:15.991354 [info ] [MainThread]: Databricks adapter:   workspace_id (from ?o= in http_path): None
[0m22:04:15.991354 [info ] [MainThread]: Databricks adapter:   databricks-sql-connector version: 4.2.6 (supported)
[0m22:04:15.991354 [info ] [MainThread]: Databricks adapter:   databricks-sdk version: 0.104.0 (supported)
[0m22:04:15.991354 [debug] [MainThread]: Using databricks connection "debug"
[0m22:04:15.991354 [debug] [MainThread]: On debug: select 1 as id
[0m22:04:15.991354 [debug] [MainThread]: Opening a new connection, currently in state init
[0m22:04:18.324182 [error] [MainThread]: databricks-sql-connector adapter: ThriftBackend.attempt_request: Exception: %s
[0m22:04:18.348607 [error] [MainThread]: Databricks adapter: Connection(session-id=Unknown) - Exception while trying to create connection: Error during request to server: : Invalid access token.. 
Error properties: attempt=1/30, bounded-retry-delay=None, elapsed-seconds=1.091742992401123/900.0, error-message=: Invalid access token., http-code=403, method=OpenSession, no-retry-reason=non-retryable error, original-exception=, query-id=None, session-id=None
[0m22:04:18.348607 [debug] [MainThread]: Databricks adapter: Exception while trying to execute query
select 1 as id
: Database Error
  Error during request to server: : Invalid access token.. 
[0m22:04:18.348607 [debug] [MainThread]: On debug: No close available on handle
[0m22:04:18.348607 [info ] [MainThread]:   Connection test: [[31mERROR[0m]

[0m22:04:18.348607 [info ] [MainThread]: [31m2 checks failed:[0m
[0m22:04:18.348607 [info ] [MainThread]: Project loading failed for the following reason:
 project path <C:\Users\manmukho\OneDrive - Publicis Groupe\Desktop\Training\DBT project\movielens\dbt_project.yml> not found

[0m22:04:18.348607 [info ] [MainThread]: dbt was unable to connect to the specified database.
The database returned the following error:

  >Database Error
  Database Error
    Error during request to server: : Invalid access token.. 

Check your database credentials and try again. For more information, visit:
https://docs.getdbt.com/docs/configure-your-profile


[0m22:04:18.356311 [debug] [MainThread]: Command `dbt debug` failed at 22:04:18.356311 after 6.37 seconds
[0m22:04:18.356311 [debug] [MainThread]: Sending event: {'category': 'dbt', 'action': 'invocation', 'label': 'end', 'context': [<snowplow_tracker.self_describing_json.SelfDescribingJson object at 0x00000156E27B3C50>, <snowplow_tracker.self_describing_json.SelfDescribingJson object at 0x00000156FCCD5E20>, <snowplow_tracker.self_describing_json.SelfDescribingJson object at 0x00000156FC0F5FD0>]}
[0m22:04:18.357333 [debug] [MainThread]: Flushing usage events
[0m22:04:20.553104 [debug] [MainThread]: An error was encountered while trying to flush usage events
[0m00:42:44.459315 [debug] [MainThread]: Sending event: {'category': 'dbt', 'action': 'invocation', 'label': 'start', 'context': [<snowplow_tracker.self_describing_json.SelfDescribingJson object at 0x00000144C275D100>, <snowplow_tracker.self_describing_json.SelfDescribingJson object at 0x00000144BFA85B20>, <snowplow_tracker.self_describing_json.SelfDescribingJson object at 0x00000144C28C5AF0>]}


============================== 00:42:44.467323 | 09782824-5040-478a-be1a-d973967a27f8 ==============================
[0m00:42:44.467323 [info ] [MainThread]: Running with dbt=1.11.11
[0m00:42:44.467323 [debug] [MainThread]: running dbt with arguments {'static_parser': 'True', 'no_print': 'None', 'version_check': 'True', 'warn_error_options': 'WarnErrorOptionsV2(error=[], warn=[], silence=[])', 'target_path': 'None', 'printer_width': '80', 'write_json': 'True', 'introspect': 'True', 'log_cache_events': 'False', 'empty': 'None', 'cache_selected_only': 'False', 'log_format': 'default', 'debug': 'False', 'fail_fast': 'False', 'profiles_dir': 'C:\\Users\\manmukho\\.dbt', 'send_anonymous_usage_stats': 'True', 'quiet': 'False', 'warn_error': 'None', 'partial_parse': 'True', 'invocation_command': 'dbt test', 'use_colors': 'True', 'indirect_selection': 'eager', 'use_experimental_parser': 'False', 'log_path': 'logs'}
[0m00:42:44.467323 [error] [MainThread]: Encountered an error:
Runtime Error
  No dbt_project.yml found at expected path C:\Users\manmukho\OneDrive - Publicis Groupe\Desktop\Training\DBT project\movielens\dbt_project.yml
  Verify that each entry within packages.yml (and their transitive dependencies) contains a file named dbt_project.yml
  
[0m00:42:44.482952 [debug] [MainThread]: Command `dbt test` failed at 00:42:44.482952 after 0.33 seconds
[0m00:42:44.485424 [debug] [MainThread]: Sending event: {'category': 'dbt', 'action': 'invocation', 'label': 'end', 'context': [<snowplow_tracker.self_describing_json.SelfDescribingJson object at 0x00000144BF195DF0>, <snowplow_tracker.self_describing_json.SelfDescribingJson object at 0x00000144BFABE720>, <snowplow_tracker.self_describing_json.SelfDescribingJson object at 0x00000144BFA85B20>]}
[0m00:42:44.487236 [debug] [MainThread]: Flushing usage events
[0m00:42:47.132646 [debug] [MainThread]: An error was encountered while trying to flush usage events
